<?xml version="1.0" encoding="UTF-8"?>
<testsuites name="jest tests" tests="5" failures="1" time="1.618">
  <testsuite name="CreateTodo" errors="0" failures="1" skipped="0" timestamp="2019-04-30T10:24:58" time="1.167" tests="5">
    <testcase classname="CreateTodo has a h1" name="CreateTodo has a h1" time="0.02">
    </testcase>
    <testcase classname="CreateTodo shows validation message when text-field has no text" name="CreateTodo shows validation message when text-field has no text" time="0.011">
    </testcase>
    <testcase classname="CreateTodo success to create to do list item" name="CreateTodo success to create to do list item" time="0.011">
    </testcase>
    <testcase classname="CreateTodo has a button" name="CreateTodo has a button" time="0.004">
    </testcase>
    <testcase classname="CreateTodo validate empty string in the input" name="CreateTodo validate empty string in the input" time="0.01">
      <failure>Error: expect(received).toBe(expected)

Expected value to be (using ===):
  true
Received:
  {&quot;selector&quot;: &quot;.v-messages__message&quot;}

Difference:

  Comparing two different types of values. Expected boolean but received object.
    at Object.it (/Users/saenal.cha/Code/to-do-list/nuxt-to-do-list/__tests__/components/CreateTodo.spec.js:78:21)
    at Object.asyncFn (/Users/saenal.cha/Code/to-do-list/nuxt-to-do-list/node_modules/jest-jasmine2/build/jasmine_async.js:124:345)
    at resolve (/Users/saenal.cha/Code/to-do-list/nuxt-to-do-list/node_modules/jest-jasmine2/build/queue_runner.js:46:12)
    at new Promise (&lt;anonymous&gt;)
    at mapper (/Users/saenal.cha/Code/to-do-list/nuxt-to-do-list/node_modules/jest-jasmine2/build/queue_runner.js:34:499)
    at promise.then (/Users/saenal.cha/Code/to-do-list/nuxt-to-do-list/node_modules/jest-jasmine2/build/queue_runner.js:74:39)
    at processTicksAndRejections (internal/process/task_queues.js:86:5)</failure>
    </testcase>
  </testsuite>
</testsuites>